{"total": {"lines":{"total":9,"covered":7,"skipped":0,"pct":77.78},"statements":{"total":10,"covered":8,"skipped":0,"pct":80},"functions":{"total":2,"covered":1,"skipped":0,"pct":50},"branches":{"total":11,"covered":0,"skipped":0,"pct":0}}
,"E:\\other\\react-demo\\src\\pages\\jiaoyou-activity-ui-honorHalls\\index.js": {"lines":{"total":9,"covered":7,"skipped":0,"pct":77.78},"functions":{"total":2,"covered":1,"skipped":0,"pct":50},"statements":{"total":10,"covered":8,"skipped":0,"pct":80},"branches":{"total":11,"covered":0,"skipped":0,"pct":0}}
}
